sample_list.append(Book("9780199997329", "Classical Mythology", "Mark P. O. Morford", "Oxford University Press", 2002, 80, 7.5, "paperback", "history", "history"))
sample_list.append(Book("9781891389221", "Classical Mechanical", "John R. Taylor", "University Science Books", 2005, 70, 20.99, "hardcover", "academic", "academic"))
sample_list.append(Book("9781107179868", "Introduction to Quantum Mechanics", "David J. Griffiths", "Cambridge University Press", 2016, 55, 25.99, "paperback", "physics", "academic"))
sample_list.append(Book("9781420946338", "Relativity: The Special and General Theory", "Albert Eistein", "Digireads.com", 2012, 29, 17.95, "paperback", "physics", "academic"))
sample_list.append(Book("9781501127625", "Steve Jobs", "Walter Isaacson", "Simon & Schuster", 2015, 33, 12.9, "paperback", "biography", "biography"))
sample_list.append(Book("9789814385282", "The Wit and Wisdom of Lee Kuan Yew", "Kuan Yew Lee", "Didier Millet", 2013, 100, 19.9, "hardcover", "biography", "biography"))
sample_list.append(Book("9781537736495", "Bill Gates: The Life and Business Lessons of Bill Gates", "George llian", "CreateSpace Independent Publishing Platform", 2016, 89, 11.95, "paperback", "biography", "biography"))
sample_list.append(Book("9780374533557", "Thinking, Fast and Slow", "Daniel Kahneman", "Farrar, Straus and Giroux", 2013, 46, 9.99, "paperback", "selfhelp", "selfhelp"))
sample_list.append(Book("9780812981605", "The Power of Habit: Why We Do What We Do in Life and Business", "Charles Duhigg", "Random House Trade Paperbacks", 2014, 66, 6.99, "paperback", "selfhelp", "selfhelp"))
sample_list.append(Book("9780316017930", "Outliers: The Story of Success", "Malcolm Gladwell", "Back Bay Books", 2011, 33, 10.95, "hardcover", "selfhelp", "selfhelp"))
sample_list.append(Book("9783442217786", "Rich Dad, Poor Dad", "Sharon L. Letcher Robert T. Kiyosaki", "Goldmann TB", 2007, 50, 5.95, "paperback", "selfhelp", "selfhelp"))
sample_list.append(Book("9780060506070", "Clara Callan", "Richard Bruce Wright", "Harper Perennial", 2003, 77, 15.0, "hardcover", "non-fiction", "non-fiction"))
sample_list.append(Book("9781517309329", "Improve Your Social Skills", "Daniel Wendler", "CreateSpace Independent Publishing Platform", 2014, 22, 13.95, "hardcover", "selfhelp", "selfhelp"))
sample_list.append(Book("9781568522609", "Decision in Normandy", "Carlo D'Este", "Konecky & Konecky Military Books", 2000, 172, 6.9, "paperback", "history", "history"))
sample_list.append(Book("9780439023528", "The Hunger Games", "Suzanne Collins", "Scholastic Press", 2010, 60, 11.9, "paperback", "fantasy", "fantasy"))
sample_list.append(Book("9780545586177", "Catching Fire", "Suzanne Collins", "Scholastic Press", 2013, 23, 11.95, "hardcover", "fantasy", "fantasy"))
sample_list.append(Book("9780545663267", "MockingJay", "Suzanne Collins", "Scholastic Press", 2014, 44, 13.7, "paperback", "fantasy", "fantasy"))
sample_list.append(Book("9780062387240", "Divergent", "Veronica Roth", "Katherine Tegen Books", 2014, 12, 7.99, "paperback", "fantasy", "fantasy"))
sample_list.append(Book("9780062024053", "Insurgent", "Veronica Roth", "Katherine Tegen Books", 2015, 30, 18.99, "hardcover", "fantasy", "fantasy"))
sample_list.append(Book("9780062024077", "Allegiant", "Veronica Roth", "Katherine Tegen Books", 2016, 22, 12.99, "paperback", "fantasy", "fantasy"))
